@regression @about
Feature: About Us Page Functionality # features/about_page.feature:2
  As a potential client or visitor
  I want to learn about Faberwork's company and team
  So that I can understand their background and expertise
  Background:   # features/about_page.feature:7

  @about @page_load
  Scenario: About Us page loads successfully     # features/about_page.feature:12
    Given I am on the Faberwork homepage         # features/steps/common_steps.py:28
    When I click on the "About us" menu          # features/steps/common_steps.py:67
    Then the About page should load successfully # features/steps/navigation_steps.py:154
    And the page title should be "Who We Are"    # None
    And I should see "Established 2003" text     # None

  @about @company_info
  Scenario: Company overview information is displayed              # features/about_page.feature:18
    Given I am on the Faberwork homepage                           # features/steps/common_steps.py:28
    When I click on the "About us" menu                            # features/steps/common_steps.py:67
    Then I should see company overview information                 # None
    And I should see "Snowflake Partner Network" mentioned         # None
    And I should see "enterprise application consulting" mentioned # None

  @about @leadership_team
  Scenario: All leadership team members are displayed  # features/about_page.feature:24
    Given I am on the Faberwork homepage               # features/steps/common_steps.py:28
    When I click on the "About us" menu                # features/steps/common_steps.py:67
    Then I should see the following team members       # None
      | Name          | Title                     |
      | Alok Pancholi | Founder & CEO             |
      | Yogesh Sharma | SVP, Delivery             |
      | Jaideep Singh | Senior Director, Delivery |
      | Ram Singh     | Senior Technical Lead     |
      | Saurabh Jain  | Senior Technical Lead     |
      | Vikas Sharma  | Senior Technical Lead     |

  @about @team_photos
  Scenario: Team member photos are displayed            # features/about_page.feature:35
    Given I am on the Faberwork homepage                # features/steps/common_steps.py:28
    When I click on the "About us" menu                 # features/steps/common_steps.py:67
    Then the photo for "Alok Pancholi"or team members   # features/steps/common_steps.py:232
    And the photo for "Yogesh Sharma" should be visible # features/steps/common_steps.py:232
    And the photo for "Yogesh Sharma" should be visible # None

  @about @read_more
  Scenario: Read more functionality works for team bios  # features/about_page.feature:41
    Given I am on the Faberwork homepage                 # features/steps/common_steps.py:28
    When I click on the "About us" menu                  # features/steps/common_steps.py:67
    When I click on a "Read more" button for team bio    # None
    Then the full bio content should be expanded         # None
    And the button should change to "Read less"          # None

  @about @cta
  Scenario: Call-to-action section is present       # features/about_page.feature:47
    Given I am on the Faberwork homepage            # features/steps/common_steps.py:28
    When I click on the "About us" menu             # features/steps/common_steps.py:67
    When the "START NOW" button of the page         # features/steps/common_steps.py:232
    Then I should see "Let's Work Together" section # None
    And the "START NOW" button should be visible    # None

  @about @navigation
  Scenario: Navigation elements are present on About page  # features/about_page.feature:53
    Given I am on the Faberwork homepage                   # features/steps/common_steps.py:28
    When I click on the "About us" menu                    # features/steps/common_steps.py:67
    Then all navigation links should be present            # features/steps/common_steps.py:162
    And the Faberwork logo should be visible               # features/steps/common_steps.py:232
    And the footer should be visible                       # features/steps/common_steps.py:232

@regression @carousel
Feature: Carousel and Slider Functionality # features/carousel.feature:2
  As a user
  I want to interact with carousels and sliders
  So that I can view success stories and testimonials
  Background:   # features/carousel.feature:7

  @carousel @success_stories
  Scenario: Success stories carousel navigation         # features/carousel.feature:11
    Given I am on the Faberwork homepage                # features/steps/common_steps.py:28
    When I scroll to the success stories section        # features/steps/common_steps.py:137
    Then the success stories carousel should be visible # features/steps/carousel_steps.py:10
    And carousel navigation buttons should be present   # features/steps/carousel_steps.py:19

  @carousel @next
  Scenario: Navigate carousel using next button     # features/carousel.feature:17
    Given I am on the Faberwork homepage            # features/steps/common_steps.py:28
    Given the success stories carousel is visible   # features/steps/carousel_steps.py:10
    When I click the carousel next button           # features/steps/carousel_steps.py:28
    Then the next carousel item should be displayed # features/steps/carousel_steps.py:42
    And the carousel should animate smoothly        # features/steps/carousel_steps.py:42

  @carousel @previous
  Scenario: Navigate carousel using previous button     # features/carousel.feature:24
    Given I am on the Faberwork homepage                # features/steps/common_steps.py:28
    Given the success stories carousel is visible       # features/steps/carousel_steps.py:10
    And I am on the second carousel item                # features/steps/carousel_steps.py:50
    When I click the carousel previous button           # features/steps/carousel_steps.py:35
    Then the previous carousel item should be displayed # features/steps/carousel_steps.py:57

  @carousel @autoplay
  Scenario: Carousel auto-rotates                                   # features/carousel.feature:31
    Given I am on the Faberwork homepage                            # features/steps/common_steps.py:28
    Given the success stories carousel is visible                   # features/steps/carousel_steps.py:10
    When I wait for 5 seconds                                       # features/steps/common_steps.py:208
    Then the carousel should automatically advance to the next item # features/steps/carousel_steps.py:64

  @carousel @testimonials
  Scenario: Testimonial slider displays correctly  # features/carousel.feature:37
    Given I am on the Faberwork homepage           # features/steps/common_steps.py:28
    When I scroll to the testimonials section      # features/steps/common_steps.py:130
    Then the testimonial slider should be visible  # features/steps/carousel_steps.py:71
    And testimonial quotes should be displayed     # features/steps/carousel_steps.py:78
    And testimonials should rotate automatically   # features/steps/carousel_steps.py:86

  @carousel @indicators
  Scenario: Carousel indicators work              # features/carousel.feature:44
    Given I am on the Faberwork homepage          # features/steps/common_steps.py:28
    Given the success stories carousel is visible # features/steps/carousel_steps.py:10
    When I click on carousel indicator 3          # features/steps/carousel_steps.py:93
    Then carousel item 3 should be displayed      # features/steps/carousel_steps.py:100
    And the indicator should be highlighted       # features/steps/carousel_steps.py:107

  @carousel @touch_swipe
  Scenario: Carousel responds to touch/swipe gestures  # features/carousel.feature:51
    Given I am on the Faberwork homepage               # features/steps/common_steps.py:28
    Given I am viewing the carousel on a mobile device # None
    When I swipe left on the carousel                  # None
    Then the next carousel item should appear          # None

  @carousel @keyboard
  Scenario: Carousel keyboard navigation                # features/carousel.feature:57
    Given I am on the Faberwork homepage                # features/steps/common_steps.py:28
    Given the success stories carousel has focus        # features/steps/carousel_steps.py:42
    When I press the right arrow key                    # features/steps/carousel_steps.py:57
    Then the next carousel item should be displayed     # None
    When I press the left arrow key                     # None
    Then the previous carousel item should be displayed # None

  @carousel @count
  Scenario: Verify number of carousel items         # features/carousel.feature:65
    Given I am on the Faberwork homepage            # features/steps/common_steps.py:28
    Given the success stories carousel is visible   # features/steps/carousel_steps.py:10
    Then there should be at least 10 carousel items # features/steps/carousel_steps.py:113
    And each item should have content               # features/steps/carousel_steps.py:121

  @carousel @pause_on_hover
  Scenario: Carousel pauses on hover              # features/carousel.feature:71
    Given I am on the Faberwork homepage          # features/steps/common_steps.py:28
    Given the carousel is auto-rotating           # None
    When I hover over the carousel                # None
    Then the carousel should pause auto-rotation  # None
    When I move the mouse away                    # None
    Then the carousel should resume auto-rotation # None

@regression @navigation @full
Feature: Complete Website Navigation # features/complete_navigation.feature:2
  As a website visitor
  I want to navigate through all pages of the Faberwork website
  So that I can access all information and services
  Background:   # features/complete_navigation.feature:7

  @navigation @menu
  Scenario Outline: Navigate to all main pages from homepage -- @1.1   # features/complete_navigation.feature:18
    Given I am on the Faberwork homepage                               # features/steps/common_steps.py:28
    When I click on the "Services" menu                                # features/steps/common_steps.py:67
    Then I should be on the "Services" page                            # features/steps/common_steps.py:177
    And the page should load successfully                              # features/steps/common_steps.py:196

  @navigation @menu
  Scenario Outline: Navigate to all main pages from homepage -- @1.2   # features/complete_navigation.feature:19
    Given I am on the Faberwork homepage                               # features/steps/common_steps.py:28
    When I click on the "Industries" menu                              # features/steps/common_steps.py:67
    Then I should be on the "Industries" page                          # features/steps/common_steps.py:177
    And the page should load successfully                              # features/steps/common_steps.py:196

  @navigation @menu
  Scenario Outline: Navigate to all main pages from homepage -- @1.3   # features/complete_navigation.feature:20
    Given I am on the Faberwork homepage                               # features/steps/common_steps.py:28
    When I click on the "Success Stories" menu                         # features/steps/common_steps.py:67
    Then I should be on the "Success Stories" page                     # features/steps/common_steps.py:177
    And the page should load successfully                              # features/steps/common_steps.py:196

  @navigation @menu
  Scenario Outline: Navigate to all main pages from homepage -- @1.4   # features/complete_navigation.feature:21
    Given I am on the Faberwork homepage                               # features/steps/common_steps.py:28
    When I click on the "Latest Thinking" menu                         # features/steps/common_steps.py:67
    Then I should be on the "Latest Thinking" page                     # features/steps/common_steps.py:177
    And the page should load successfully                              # features/steps/common_steps.py:196

  @navigation @menu
  Scenario Outline: Navigate to all main pages from homepage -- @1.5   # features/complete_navigation.feature:22
    Given I am on the Faberwork homepage                               # features/steps/common_steps.py:28
    When I click on the "About us" menu                                # features/steps/common_steps.py:67
    Then I should be on the "About Us" page                            # features/steps/common_steps.py:177
    And the page should load successfully                              # features/steps/common_steps.py:196

  @navigation @menu
  Scenario Outline: Navigate to all main pages from homepage -- @1.6   # features/complete_navigation.feature:23
    Given I am on the Faberwork homepage                               # features/steps/common_steps.py:28
    When I click on the "Contact" menu                                 # features/steps/common_steps.py:67
    Then I should be on the "Contact Us" page                          # features/steps/common_steps.py:177
    And the page should load successfully                              # features/steps/common_steps.py:196

  @navigation @logo
  Scenario: Logo navigation returns to homepage from any page  # features/complete_navigation.feature:26
    Given I am on the Faberwork homepage                       # features/steps/common_steps.py:28
    When I click on the "Services" menu                        # features/steps/common_steps.py:67
    And I click on the Faberwork logo                          # features/steps/common_steps.py:169
    Then I should be on the homepage                           # features/steps/common_steps.py:148
    And the homepage should load successfully                  # None

  @navigation @footer
  Scenario: Footer links are present and accessible on all pages  # features/complete_navigation.feature:33
    Given I am on the Faberwork homepage                          # features/steps/common_steps.py:28
    Then footer links are present                                 # features/steps/navigation_steps.py:30
    When I click on the "Services" menu                           # features/steps/common_steps.py:67
    Then footer links are present                                 # features/steps/navigation_steps.py:30
    When I click on the "About us" menu                           # features/steps/common_steps.py:67
    Then footer links are present                                 # features/steps/navigation_steps.py:30

  @navigation @breadcrumb
  Scenario: Navigation through multiple pages works correctly  # features/complete_navigation.feature:41
    Given I am on the Faberwork homepage                       # features/steps/common_steps.py:28
    When I click on the "Services" menu                        # features/steps/common_steps.py:67
    Then I should be on the "Services" page                    # features/steps/common_steps.py:177
    When I click on the "Industries" menu                      # features/steps/common_steps.py:67
    Then I should be on the "Industries" page                  # features/steps/common_steps.py:177
    When I click on the "Success Stories" menu                 # features/steps/common_steps.py:67
    Then I should be on the "Success Stories" page             # features/steps/common_steps.py:177
    When I click on the "Latest Thinking" menu                 # features/steps/common_steps.py:67
    Then I should be on the "Latest Thinking" page             # features/steps/common_steps.py:177

  @navigation @contact_from_pages
  Scenario: Contact page is accessible from any page  # features/complete_navigation.feature:52
    Given I am on the Faberwork homepage              # features/steps/common_steps.py:28
    When I click on the "Services" menu               # features/steps/common_steps.py:67
    And I click on the "Contact" menu                 # features/steps/common_steps.py:67
    Then I should be on the "Contact Us" page         # features/steps/common_steps.py:177
    And the contact form should be visible            # features/steps/common_steps.py:232

  @navigation @consistent
  Scenario: Navigation menu is consistent across all pages  # features/complete_navigation.feature:59
    Given I am on the Faberwork homepage                    # features/steps/common_steps.py:28
    Then all navigation links should be present             # features/steps/common_steps.py:162
    When I click on the "Services" menu                     # features/steps/common_steps.py:67
    Then all navigation links should be present             # features/steps/common_steps.py:162
    When I click on the "About us" menu                     # features/steps/common_steps.py:67
    Then all navigation links should be present             # features/steps/common_steps.py:162
    When I click on the "Contact" menu                      # features/steps/common_steps.py:67
    Then all navigation links should be present             # features/steps/common_steps.py:162

@regression @contact
Feature: Contact Us Page Functionality # features/contact_page.feature:2
  As a potential client
  I want to contact Faberwork
  So that I can inquire about their services
  Background:   # features/contact_page.feature:7

  @contact @page_load
  Scenario: Contact Us page loads successfully            # features/contact_page.feature:12
    Given I am on the Faberwork homepage                  # features/steps/common_steps.py:28
    When I click on the "Contact" menu                    # features/steps/common_steps.py:67
    Then the Contact page should load successfully        # features/steps/navigation_steps.py:147
    And the page heading should be "Get in Touch With Us" # None

  @contact @office_info
  Scenario: USA office contact information is displayed                                        # features/contact_page.feature:17
    Given I am on the Faberwork homepage                                                       # features/steps/common_steps.py:28
    When I click on the "Contact" menu                                                         # features/steps/common_steps.py:67
    Then I should see USA office phone number "+1-410-884-9169"                                # None
    And I should see email address "info@faberwork.com"                                        # None
    And I should see USA office address "10045 Red Run Blvd Suite 250, Owings Mills, MD 21117" # None

  @contact @office_info
  Scenario: India office contact information is displayed                                   # features/contact_page.feature:23
    Given I am on the Faberwork homepage                                                    # features/steps/common_steps.py:28
    When I click on the "Contact" menu                                                      # features/steps/common_steps.py:67
    Then I should see India office phone number "+91-74140-82984"                           # None
    And I should see email address "info@faberwork.com"                                     # None
    And I should see India office address containing "Metropolis Tower, Ajmer Road, Jaipur" # None

  @contact @map
  Scenario: Office location maps are displayed              # features/contact_page.feature:29
    Given I am on the Faberwork homepage                    # features/steps/common_steps.py:28
    When I click on the "Contact" menu                      # features/steps/common_steps.py:67
    Then I should see a map for the USA office location     # None
    And I should see a map for the India office location    # None
    And the maps should be clickable to open in Google Maps # None

  @contact @form
  Scenario: Contact form has all required fields  # features/contact_page.feature:35
    Given I am on the Faberwork homepage          # features/steps/common_steps.py:28
    When I click on the "Contact" menu            # features/steps/common_steps.py:67
    When I view the consultation form             # None
    Then the form should have a name field        # None
    And the form should have a company field      # None
    And the form should have an email field       # None
    And the form should have a phone field        # None
    And the form should have a message textarea   # None
    And the form should have a submit button      # None

  @contact @form_validation @positive
  Scenario: Submit contact form with valid data  # features/contact_page.feature:45
    Given I am on the Faberwork homepage         # features/steps/common_steps.py:28
    When I click on the "Contact" menu           # features/steps/common_steps.py:67
    When I fill in the contact form with         # features/steps/form_steps.py:75
      | Field   | Value                             |
      | Name    | John Smith                        |
      | Company | ABC Corporation                   |
      | Email   | john.smith@abccorp.com            |
      | Phone   | +1-555-123-4567                   |
      | Message | I would like to discuss a project |
    And I submit the contact form                # features/steps/form_steps.py:97
    Then I should see a success message          # features/steps/form_steps.py:144

  @contact @form_validation @negative
  Scenario: Submit contact form with invalid email         # features/contact_page.feature:57
    Given I am on the Faberwork homepage                   # features/steps/common_steps.py:28
    When I click on the "Contact" menu                     # features/steps/common_steps.py:67
    When I fill in the contact form with                   # features/steps/form_steps.py:75
      | Field | Value         |
      | Name  | Test User     |
      | Email | invalid-email |
    And I submit the contact form                          # features/steps/form_steps.py:97
    Then I should see an error message about invalid email # None

  @contact @social_media
  Scenario: Social media links are present                         # features/contact_page.feature:66
    Given I am on the Faberwork homepage                           # features/steps/common_steps.py:28
    When I click on the "Contact" menu                             # features/steps/common_steps.py:67
    Then I should see a LinkedIn link                              # None
    And the LinkedIn link should point to Faberwork's company page # None

  @contact @newsletter
  Scenario: Newsletter subscription is available      # features/contact_page.feature:71
    Given I am on the Faberwork homepage              # features/steps/common_steps.py:28
    When I click on the "Contact" menu                # features/steps/common_steps.py:67
    When the newsletter email field section           # features/steps/common_steps.py:232
    Then the newsletter email field should be visible # None
    And I can subscribe to the newsletter             # None

  @contact @navigation
  Scenario: Navigation elements work on Contact page  # features/contact_page.feature:77
    Given I am on the Faberwork homepage              # features/steps/common_steps.py:28
    When I click on the "Contact" menu                # features/steps/common_steps.py:67
    Then all navigation links should be present       # features/steps/common_steps.py:162
    And the Faberwork logo should be visible          # features/steps/common_steps.py:232
    And footer elements should be displayed           # None

@regression @forms
Feature: Form Submissions and Validations # features/forms.feature:2
  As a potential client
  I want to submit consultation and contact forms
  So that I can get in touch with Faberwork
  Background:   # features/forms.feature:7

  @forms @consultation @positive
  Scenario: Submit consultation form with valid data                 # features/forms.feature:11
    Given I am on the Faberwork homepage                             # features/steps/common_steps.py:28
    When I fill in the consultation form with valid data             # features/steps/form_steps.py:18
      | Field   | Value                       |
      | Name    | John Doe                    |
      | Company | Tech Innovations Inc        |
      | Email   | john.doe@techinno.com       |
      | Phone   | +1-555-123-4567             |
      | Message | I need help with my project |
    And I submit the consultation form                               # features/steps/form_steps.py:39
    Then I should see a success message                              # features/steps/form_steps.py:144
    And the success message should contain "thank you" or "received" # features/steps/form_steps.py:157

  @forms @consultation @negative
  Scenario Outline: Consultation form validation for invalid email -- @1.1   # features/forms.feature:32
    Given I am on the Faberwork homepage                                     # features/steps/common_steps.py:28
    When I enter "invalid" in the email field                                # features/steps/form_steps.py:46
    And I submit the consultation form                                       # features/steps/form_steps.py:39
    Then I should see a validation error                                     # features/steps/form_steps.py:177
    And the error should indicate invalid email format                       # features/steps/form_steps.py:191

  @forms @consultation @negative
  Scenario Outline: Consultation form validation for invalid email -- @1.2   # features/forms.feature:33
    Given I am on the Faberwork homepage                                     # features/steps/common_steps.py:28
    When I enter "@example.com" in the email field                           # features/steps/form_steps.py:46
    And I submit the consultation form                                       # features/steps/form_steps.py:39
    Then I should see a validation error                                     # features/steps/form_steps.py:177
    And the error should indicate invalid email format                       # features/steps/form_steps.py:191

  @forms @consultation @negative
  Scenario Outline: Consultation form validation for invalid email -- @1.3   # features/forms.feature:34
    Given I am on the Faberwork homepage                                     # features/steps/common_steps.py:28
    When I enter "test@" in the email field                                  # features/steps/form_steps.py:46
    And I submit the consultation form                                       # features/steps/form_steps.py:39
    Then I should see a validation error                                     # features/steps/form_steps.py:177
    And the error should indicate invalid email format                       # features/steps/form_steps.py:191

  @forms @consultation @negative
  Scenario Outline: Consultation form validation for invalid email -- @1.4   # features/forms.feature:35
    Given I am on the Faberwork homepage                                     # features/steps/common_steps.py:28
    When I enter "test..email@ex.com" in the email field                     # features/steps/form_steps.py:46
    And I submit the consultation form                                       # features/steps/form_steps.py:39
    Then I should see a validation error                                     # features/steps/form_steps.py:177
    And the error should indicate invalid email format                       # features/steps/form_steps.py:191

  @forms @consultation @negative
  Scenario Outline: Consultation form validation for invalid email -- @1.5   # features/forms.feature:36
    Given I am on the Faberwork homepage                                     # features/steps/common_steps.py:28
    When I enter "test email@ex.com" in the email field                      # features/steps/form_steps.py:46
    And I submit the consultation form                                       # features/steps/form_steps.py:39
    Then I should see a validation error                                     # features/steps/form_steps.py:177
    And the error should indicate invalid email format                       # features/steps/form_steps.py:191

  @forms @consultation @required
  Scenario: Consultation form requires mandatory fields            # features/forms.feature:39
    Given I am on the Faberwork homepage                           # features/steps/common_steps.py:28
    When I submit the consultation form without filling any fields # features/steps/form_steps.py:60
    Then I should see validation errors for required fields        # features/steps/form_steps.py:177
    And the form should not be submitted                           # features/steps/form_steps.py:208

  @forms @consultation @phone
  Scenario Outline: Phone number validation -- @1.1   # features/forms.feature:52
    Given I am on the Faberwork homepage              # features/steps/common_steps.py:28
    When I enter "+1-555-123-4567" in the phone field # features/steps/form_steps.py:53
    And I submit the consultation form                # features/steps/form_steps.py:39
    Then the phone field should "accept"              # features/steps/form_steps.py:217

  @forms @consultation @phone
  Scenario Outline: Phone number validation -- @1.2   # features/forms.feature:53
    Given I am on the Faberwork homepage              # features/steps/common_steps.py:28
    When I enter "5551234567" in the phone field      # features/steps/form_steps.py:53
    And I submit the consultation form                # features/steps/form_steps.py:39
    Then the phone field should "accept"              # features/steps/form_steps.py:217

  @forms @consultation @phone
  Scenario Outline: Phone number validation -- @1.3   # features/forms.feature:54
    Given I am on the Faberwork homepage              # features/steps/common_steps.py:28
    When I enter "(555) 123-4567" in the phone field  # features/steps/form_steps.py:53
    And I submit the consultation form                # features/steps/form_steps.py:39
    Then the phone field should "accept"              # features/steps/form_steps.py:217

  @forms @consultation @phone
  Scenario Outline: Phone number validation -- @1.4   # features/forms.feature:55
    Given I am on the Faberwork homepage              # features/steps/common_steps.py:28
    When I enter "invalid" in the phone field         # features/steps/form_steps.py:53
    And I submit the consultation form                # features/steps/form_steps.py:39
    Then the phone field should "show error"          # features/steps/form_steps.py:217

  @forms @consultation @phone
  Scenario Outline: Phone number validation -- @1.5   # features/forms.feature:56
    Given I am on the Faberwork homepage              # features/steps/common_steps.py:28
    When I enter "123" in the phone field             # features/steps/form_steps.py:53
    And I submit the consultation form                # features/steps/form_steps.py:39
    Then the phone field should "show error"          # features/steps/form_steps.py:217

  @forms @contact @positive
  Scenario: Submit contact form successfully  # features/forms.feature:59
    Given I am on the Faberwork homepage      # features/steps/common_steps.py:28
    Given I am on the Contact page            # features/steps/common_steps.py:43
    When I fill in the contact form with      # features/steps/form_steps.py:75
      | Field   | Value                                         |
      | Name    | Jane Smith                                    |
      | Email   | jane.smith@example.com                        |
      | Phone   | +1-555-987-6543                               |
      | Company | Global Solutions Ltd                          |
      | Subject | Inquiry about services                        |
      | Message | I would like to know more about your services |
    And I submit the contact form             # features/steps/form_steps.py:97
    Then I should see a success message       # features/steps/form_steps.py:144
    And the message should confirm submission # features/steps/form_steps.py:236

  @forms @contact @negative
  Scenario: Contact form with missing required fields  # features/forms.feature:74
    Given I am on the Faberwork homepage               # features/steps/common_steps.py:28
    Given I am on the Contact page                     # features/steps/common_steps.py:43
    When I enter only email "test@example.com"         # features/steps/form_steps.py:104
    And I submit the contact form                      # features/steps/form_steps.py:97
    Then I should see errors for missing fields        # features/steps/form_steps.py:243
    And the Name field should show an error            # features/steps/form_steps.py:251
    And the Message field should show an error         # features/steps/form_steps.py:251

  @forms @newsletter @positive
  Scenario: Subscribe to newsletter with valid email         # features/forms.feature:83
    Given I am on the Faberwork homepage                     # features/steps/common_steps.py:28
    When I enter a valid email in the newsletter field       # features/steps/form_steps.py:115
    And I click the newsletter subscribe button              # features/steps/form_steps.py:125
    Then I should see a newsletter subscription confirmation # features/steps/form_steps.py:270

  @forms @newsletter @negative
  Scenario Outline: Newsletter subscription with invalid email -- @1.1   # features/forms.feature:96
    Given I am on the Faberwork homepage                                 # features/steps/common_steps.py:28
    When I enter "invalid" in the newsletter field                       # features/steps/form_steps.py:132
    And I click the newsletter subscribe button                          # features/steps/form_steps.py:125
    Then I should see a newsletter error message                         # features/steps/form_steps.py:293

  @forms @newsletter @negative
  Scenario Outline: Newsletter subscription with invalid email -- @1.2   # features/forms.feature:97
    Given I am on the Faberwork homepage                                 # features/steps/common_steps.py:28
    When I enter "@domain.com" in the newsletter field                   # features/steps/form_steps.py:132
    And I click the newsletter subscribe button                          # features/steps/form_steps.py:125
    Then I should see a newsletter error message                         # features/steps/form_steps.py:293

  @forms @newsletter @negative
  Scenario Outline: Newsletter subscription with invalid email -- @1.3   # features/forms.feature:98
    Given I am on the Faberwork homepage                                 # features/steps/common_steps.py:28
    When I enter "test@" in the newsletter field                         # features/steps/form_steps.py:132
    And I click the newsletter subscribe button                          # features/steps/form_steps.py:125
    Then I should see a newsletter error message                         # features/steps/form_steps.py:293

  @forms @autofill
  Scenario: Form fields support auto-fill        # features/forms.feature:101
    Given I am on the Faberwork homepage         # features/steps/common_steps.py:28
    Given I am on the homepage                   # features/steps/common_steps.py:28
    When I click on the name field               # features/steps/form_steps.py:305
    Then the name field should support auto-fill # features/steps/form_steps.py:312
    And the email field should support auto-fill # features/steps/form_steps.py:312

  @forms @character_limit
  Scenario: Message field respects character limits                            # features/forms.feature:108
    Given I am on the Faberwork homepage                                       # features/steps/common_steps.py:28
    Given I am on the Contact page                                             # features/steps/common_steps.py:43
    When I enter 5000 characters in the message field                          # features/steps/form_steps.py:327
    Then the field should either accept all characters or show a limit warning # features/steps/form_steps.py:335

  @forms @special_characters
  Scenario: Forms handle special characters correctly            # features/forms.feature:114
    Given I am on the Faberwork homepage                         # features/steps/common_steps.py:28
    When I fill in the consultation form with special characters # features/steps/form_steps.py:346
      | Field   | Value                        |
      | Name    | O'Brien-Smith                |
      | Company | Müller & Söhne GmbH          |
      | Message | Testing special chars: <>&"' |
    And I submit the consultation form                           # features/steps/form_steps.py:39
    Then the form should handle the data correctly               # features/steps/form_steps.py:366
    And no JavaScript errors should occur                        # features/steps/common_steps.py:278

@regression @industries
Feature: Industries Page Functionality # features/industries_page.feature:2
  As a potential client
  I want to view the industries Faberwork serves
  So that I can see if they have expertise in my industry
  Background:   # features/industries_page.feature:7

  @industries @page_load
  Scenario: Industries page loads successfully         # features/industries_page.feature:12
    Given I am on the Faberwork homepage               # features/steps/common_steps.py:28
    When I click on the "Industries" menu              # features/steps/common_steps.py:67
    Then the Industries page should load successfully  # None
    And the page title should be "Industries We Serve" # None

  @industries @content
  Scenario: All industry sectors are listed    # features/industries_page.feature:17
    Given I am on the Faberwork homepage       # features/steps/common_steps.py:28
    When I click on the "Industries" menu      # features/steps/common_steps.py:67
    Then I should see the following industries # None
      | Industry Name                |
      | Energy                       |
      | Finance                      |
      | Private Equity & Hedge Funds |
      | Healthcare                   |
      | Insurance                    |
      | Retail                       |
      | Startup                      |
      | Telecom                      |
      | Transportation               |

  @industries @filter
  Scenario: Industry filter functionality exists  # features/industries_page.feature:31
    Given I am on the Faberwork homepage          # features/steps/common_steps.py:28
    When I click on the "Industries" menu         # features/steps/common_steps.py:67
    Then the filter form should be present        # features/steps/common_steps.py:240
    And the filter dropdown should be accessible  # None

  @industries @search
  Scenario: Search functionality is available  # features/industries_page.feature:36
    Given I am on the Faberwork homepage       # features/steps/common_steps.py:28
    When I click on the "Industries" menu      # features/steps/common_steps.py:67
    When the search fieldearch button          # features/steps/common_steps.py:232
    Then the search field should be visible    # None
    And I should be able to enter search terms # None

  @industries @consultation_form
  Scenario: Consultation form is accessible on Industries page  # features/industries_page.feature:42
    Given I am on the Faberwork homepage                        # features/steps/common_steps.py:28
    When I click on the "Industries" menu                       # features/steps/common_steps.py:67
    When I scroll to the consultation form                      # features/steps/common_steps.py:115
    Then the consultation form should be visible                # features/steps/common_steps.py:232
    And all required form fields should be present              # features/steps/common_steps.py:240

  @industries @newsletter
  Scenario: Newsletter signup is available               # features/industries_page.feature:48
    Given I am on the Faberwork homepage                 # features/steps/common_steps.py:28
    When I click on the "Industries" menu                # features/steps/common_steps.py:67
    When the newsletter email field section              # features/steps/common_steps.py:232
    Then the newsletter email field should be visible    # None
    And the newsletter submit button should be clickable # None

  @industries @navigation
  Scenario: Navigation elements work on Industries page  # features/industries_page.feature:54
    Given I am on the Faberwork homepage                 # features/steps/common_steps.py:28
    When I click on the "Industries" menu                # features/steps/common_steps.py:67
    Then all navigation links should be present          # features/steps/common_steps.py:162
    And the Faberwork logo should be visible             # features/steps/common_steps.py:232
    When I click on the logo                             # features/steps/common_steps.py:97
    Then I should be redirected to the homepage          # None

@regression @latest_thinking
Feature: Latest Thinking Page Functionality # features/latest_thinking_page.feature:2
  As a visitor interested in technology trends
  I want to read Faberwork's blog and articles
  So that I can learn about their expertise and insights
  Background:   # features/latest_thinking_page.feature:7

  @latest_thinking @page_load
  Scenario: Latest Thinking page loads successfully        # features/latest_thinking_page.feature:12
    Given I am on the Faberwork homepage                   # features/steps/common_steps.py:28
    When I click on the "Latest Thinking" menu             # features/steps/common_steps.py:67
    Then the Latest Thinking page should load successfully # None
    And the page title should be "Latest Thinking"         # None
    And I should see the subtitle "Notes and Trends"       # None

  @latest_thinking @articles
  Scenario: Article cards are displayed                    # features/latest_thinking_page.feature:18
    Given I am on the Faberwork homepage                   # features/steps/common_steps.py:28
    When I click on the "Latest Thinking" menu             # features/steps/common_steps.py:67
    Then I should see multiple article cards               # None
    And each article card should have a featured image     # None
    And each article card should have a title              # None
    And each article card should have a description        # None
    And each article card should have a "Read More" button # None

  @latest_thinking @search
  Scenario: Article search functionality works        # features/latest_thinking_page.feature:26
    Given I am on the Faberwork homepage              # features/steps/common_steps.py:28
    When I click on the "Latest Thinking" menu        # features/steps/common_steps.py:67
    When I click on the search button                 # None
    Then the search input field should appear         # None
    When I enter "AI" in the search field             # None
    Then I should see search results for "AI"         # None
    And the results should be displayed in a dropdown # None

  @latest_thinking @filter
  Scenario: Category filter works for articles                    # features/latest_thinking_page.feature:34
    Given I am on the Faberwork homepage                          # features/steps/common_steps.py:28
    When I click on the "Latest Thinking" menu                    # features/steps/common_steps.py:67
    Then the filter form should be present                        # features/steps/common_steps.py:240
    When I select a category from the filter dropdown             # None
    Then the articles should be filtered by the selected category # None

  @latest_thinking @categories
  Scenario Outline: Filter dropdown contains multiple category options -- @1.1   # features/latest_thinking_page.feature:46
    Given I am on the Faberwork homepage                                         # features/steps/common_steps.py:28
    When I click on the "Latest Thinking" menu                                   # features/steps/common_steps.py:67
    When I click on the filter dropdown                                          # None
    Then I should see the category "AI"                                          # None

  @latest_thinking @categories
  Scenario Outline: Filter dropdown contains multiple category options -- @1.2   # features/latest_thinking_page.feature:47
    Given I am on the Faberwork homepage                                         # features/steps/common_steps.py:28
    When I click on the "Latest Thinking" menu                                   # features/steps/common_steps.py:67
    When I click on the filter dropdown                                          # None
    Then I should see the category "Agentic AI"                                  # None

  @latest_thinking @categories
  Scenario Outline: Filter dropdown contains multiple category options -- @1.3   # features/latest_thinking_page.feature:48
    Given I am on the Faberwork homepage                                         # features/steps/common_steps.py:28
    When I click on the "Latest Thinking" menu                                   # features/steps/common_steps.py:67
    When I click on the filter dropdown                                          # None
    Then I should see the category "Automation"                                  # None

  @latest_thinking @categories
  Scenario Outline: Filter dropdown contains multiple category options -- @1.4   # features/latest_thinking_page.feature:49
    Given I am on the Faberwork homepage                                         # features/steps/common_steps.py:28
    When I click on the "Latest Thinking" menu                                   # features/steps/common_steps.py:67
    When I click on the filter dropdown                                          # None
    Then I should see the category "Business"                                    # None

  @latest_thinking @categories
  Scenario Outline: Filter dropdown contains multiple category options -- @1.5   # features/latest_thinking_page.feature:50
    Given I am on the Faberwork homepage                                         # features/steps/common_steps.py:28
    When I click on the "Latest Thinking" menu                                   # features/steps/common_steps.py:67
    When I click on the filter dropdown                                          # None
    Then I should see the category "Data"                                        # None

  @latest_thinking @categories
  Scenario Outline: Filter dropdown contains multiple category options -- @1.6   # features/latest_thinking_page.feature:51
    Given I am on the Faberwork homepage                                         # features/steps/common_steps.py:28
    When I click on the "Latest Thinking" menu                                   # features/steps/common_steps.py:67
    When I click on the filter dropdown                                          # None
    Then I should see the category "Healthcare"                                  # None

  @latest_thinking @categories
  Scenario Outline: Filter dropdown contains multiple category options -- @1.7   # features/latest_thinking_page.feature:52
    Given I am on the Faberwork homepage                                         # features/steps/common_steps.py:28
    When I click on the "Latest Thinking" menu                                   # features/steps/common_steps.py:67
    When I click on the filter dropdown                                          # None
    Then I should see the category "IoT"                                         # None

  @latest_thinking @categories
  Scenario Outline: Filter dropdown contains multiple category options -- @1.8   # features/latest_thinking_page.feature:53
    Given I am on the Faberwork homepage                                         # features/steps/common_steps.py:28
    When I click on the "Latest Thinking" menu                                   # features/steps/common_steps.py:67
    When I click on the filter dropdown                                          # None
    Then I should see the category "Machine Learning"                            # None

  @latest_thinking @categories
  Scenario Outline: Filter dropdown contains multiple category options -- @1.9   # features/latest_thinking_page.feature:54
    Given I am on the Faberwork homepage                                         # features/steps/common_steps.py:28
    When I click on the "Latest Thinking" menu                                   # features/steps/common_steps.py:67
    When I click on the filter dropdown                                          # None
    Then I should see the category "Snowflake"                                   # None

  @latest_thinking @categories
  Scenario Outline: Filter dropdown contains multiple category options -- @1.10   # features/latest_thinking_page.feature:55
    Given I am on the Faberwork homepage                                          # features/steps/common_steps.py:28
    When I click on the "Latest Thinking" menu                                    # features/steps/common_steps.py:67
    When I click on the filter dropdown                                           # None
    Then I should see the category "Software Development"                         # None

  @latest_thinking @read_article
  Scenario: Clicking on article title opens the article             # features/latest_thinking_page.feature:58
    Given I am on the Faberwork homepage                            # features/steps/common_steps.py:28
    When I click on the "Latest Thinking" menu                      # features/steps/common_steps.py:67
    When I click on an article title                                # None
    Then I should be navigated to the article page or expanded view # None

  @latest_thinking @search_debounce
  Scenario: Search has debounce functionality          # features/latest_thinking_page.feature:63
    Given I am on the Faberwork homepage               # features/steps/common_steps.py:28
    When I click on the "Latest Thinking" menu         # features/steps/common_steps.py:67
    When I type quickly in the search field            # None
    Then the search should wait before making requests # None
    And results should appear after a short delay      # None

  @latest_thinking @consultation_modal
  Scenario: Consultation modal can be opened from Latest Thinking page  # features/latest_thinking_page.feature:69
    Given I am on the Faberwork homepage                                # features/steps/common_steps.py:28
    When I click on the "Latest Thinking" menu                          # features/steps/common_steps.py:67
    When I click on "Get Started" or consultation button                # None
    Then the consultation modal should open                             # None
    And the modal should have a contact form                            # None

  @latest_thinking @navigation
  Scenario: All navigation elements work on Latest Thinking page  # features/latest_thinking_page.feature:75
    Given I am on the Faberwork homepage                          # features/steps/common_steps.py:28
    When I click on the "Latest Thinking" menu                    # features/steps/common_steps.py:67
    Then all navigation links should be present                   # features/steps/common_steps.py:162
    And the logo should be clickable                              # None
    And footer links should be accessible                         # None

@regression @navigation
Feature: Website Navigation # features/navigation.feature:2
  As a user
  I want to navigate through different pages
  So that I can access information and services
  Background:   # features/navigation.feature:7

  @navigation @menu
  Scenario Outline: Navigate to different pages via menu -- @1.1   # features/navigation.feature:18
    Given I am on the Faberwork homepage                           # features/steps/common_steps.py:28
    When I click on the "Services" menu                            # features/steps/common_steps.py:67
    Then I should be on the "Services" page                        # features/steps/common_steps.py:177
    And the URL should contain "services"                          # features/steps/common_steps.py:188

  @navigation @menu
  Scenario Outline: Navigate to different pages via menu -- @1.2   # features/navigation.feature:19
    Given I am on the Faberwork homepage                           # features/steps/common_steps.py:28
    When I click on the "Industries" menu                          # features/steps/common_steps.py:67
    Then I should be on the "Industries" page                      # features/steps/common_steps.py:177
    And the URL should contain "industries"                        # features/steps/common_steps.py:188

  @navigation @menu
  Scenario Outline: Navigate to different pages via menu -- @1.3   # features/navigation.feature:20
    Given I am on the Faberwork homepage                           # features/steps/common_steps.py:28
    When I click on the "Success Stories" menu                     # features/steps/common_steps.py:67
    Then I should be on the "Success" page                         # features/steps/common_steps.py:177
    And the URL should contain "success"                           # features/steps/common_steps.py:188

  @navigation @menu
  Scenario Outline: Navigate to different pages via menu -- @1.4   # features/navigation.feature:21
    Given I am on the Faberwork homepage                           # features/steps/common_steps.py:28
    When I click on the "About Us" menu                            # features/steps/common_steps.py:67
    Then I should be on the "About" page                           # features/steps/common_steps.py:177
    And the URL should contain "about"                             # features/steps/common_steps.py:188

  @navigation @menu
  Scenario Outline: Navigate to different pages via menu -- @1.5   # features/navigation.feature:22
    Given I am on the Faberwork homepage                           # features/steps/common_steps.py:28
    When I click on the "Contact Us" menu                          # features/steps/common_steps.py:67
    Then I should be on the "Contact" page                         # features/steps/common_steps.py:177
    And the URL should contain "contact"                           # features/steps/common_steps.py:188

  @navigation @logo
  Scenario: Logo click returns to homepage    # features/navigation.feature:25
    Given I am on the Faberwork homepage      # features/steps/common_steps.py:28
    Given I am on the Services page           # features/steps/common_steps.py:36
    When I click on the logo                  # features/steps/common_steps.py:97
    Then I should be on the homepage          # features/steps/common_steps.py:169
    And the homepage should load successfully # features/steps/common_steps.py:148

  @navigation @footer
  Scenario: Footer links are functional  # features/navigation.feature:32
    Given I am on the Faberwork homepage # features/steps/common_steps.py:28
    Given I am on the homepage           # features/steps/common_steps.py:28
    When I scroll to the footer          # features/steps/common_steps.py:123
    Then footer links should be present  # features/steps/common_steps.py:240
    And footer links should be clickable # None

  @navigation @breadcrumb
  Scenario: Breadcrumb navigation works            # features/navigation.feature:39
    Given I am on the Faberwork homepage           # features/steps/common_steps.py:28
    Given I am on a service details page           # features/steps/navigation_steps.py:54
    When I look at the breadcrumb                  # features/steps/navigation_steps.py:65
    Then it should show the navigation path        # features/steps/navigation_steps.py:74
    And I should be able to click breadcrumb links # features/steps/navigation_steps.py:83

  @navigation @backbutton
  Scenario: Browser back button works     # features/navigation.feature:46
    Given I am on the Faberwork homepage  # features/steps/common_steps.py:28
    Given I am on the homepage            # features/steps/common_steps.py:28
    When I navigate to the Services page  # features/steps/navigation_steps.py:14
    And I click the browser back button   # features/steps/common_steps.py:104
    Then I should be back on the homepage # features/steps/navigation_steps.py:21

@regression @search
Feature: Search Functionality # features/search.feature:2
  As a user
  I want to search for content on the website
  So that I can quickly find relevant information
  Background:   # features/search.feature:7

  @search @positive
  Scenario Outline: Search for content with valid keywords -- @1.1   # features/search.feature:18
    Given I am on the Faberwork homepage                             # features/steps/common_steps.py:28
    When I search for "software development"                         # features/steps/search_steps.py:9
    Then search results should be displayed                          # features/steps/search_steps.py:30
    And results should be relevant to "software development"         # features/steps/search_steps.py:38

  @search @positive
  Scenario Outline: Search for content with valid keywords -- @1.2   # features/search.feature:19
    Given I am on the Faberwork homepage                             # features/steps/common_steps.py:28
    When I search for "mobile app"                                   # features/steps/search_steps.py:9
    Then search results should be displayed                          # features/steps/search_steps.py:30
    And results should be relevant to "mobile app"                   # features/steps/search_steps.py:38

  @search @positive
  Scenario Outline: Search for content with valid keywords -- @1.3   # features/search.feature:20
    Given I am on the Faberwork homepage                             # features/steps/common_steps.py:28
    When I search for "AI solutions"                                 # features/steps/search_steps.py:9
    Then search results should be displayed                          # features/steps/search_steps.py:30
    And results should be relevant to "AI solutions"                 # features/steps/search_steps.py:38

  @search @positive
  Scenario Outline: Search for content with valid keywords -- @1.4   # features/search.feature:21
    Given I am on the Faberwork homepage                             # features/steps/common_steps.py:28
    When I search for "database"                                     # features/steps/search_steps.py:9
    Then search results should be displayed                          # features/steps/search_steps.py:30
    And results should be relevant to "database"                     # features/steps/search_steps.py:38

  @search @positive
  Scenario Outline: Search for content with valid keywords -- @1.5   # features/search.feature:22
    Given I am on the Faberwork homepage                             # features/steps/common_steps.py:28
    When I search for "testing"                                      # features/steps/search_steps.py:9
    Then search results should be displayed                          # features/steps/search_steps.py:30
    And results should be relevant to "testing"                      # features/steps/search_steps.py:38

  @search @empty
  Scenario: Search with empty query                     # features/search.feature:25
    Given I am on the Faberwork homepage                # features/steps/common_steps.py:28
    When I submit an empty search query                 # features/steps/search_steps.py:21
    Then I should see a message indicating empty search # features/steps/search_steps.py:45

  @search @no_results
  Scenario: Search with no matching results               # features/search.feature:30
    Given I am on the Faberwork homepage                  # features/steps/common_steps.py:28
    When I search for "xyzabc123nonexistent"              # features/steps/search_steps.py:9
    Then I should see a "no results found" message        # features/steps/search_steps.py:59
    And suggestions for alternative searches may be shown # None

  @search @autocomplete
  Scenario: Search autocomplete suggestions        # features/search.feature:36
    Given I am on the Faberwork homepage           # features/steps/common_steps.py:28
    When I start typing "soft" in the search field # features/steps/search_steps.py:66
    Then autocomplete suggestions should appear    # features/steps/search_steps.py:74
    And suggestions should include "software"      # features/steps/search_steps.py:81

  @search @filter
  Scenario: Filter search results                     # features/search.feature:42
    Given I am on the Faberwork homepage              # features/steps/common_steps.py:28
    Given I have performed a search for "development" # None
    When I apply a filter for "articles"              # None
    Then only article results should be displayed     # None

  @search @special_characters
  Scenario: Search handles special characters                  # features/search.feature:48
    Given I am on the Faberwork homepage                       # features/steps/common_steps.py:28
    When I search for "C++ & Python"                           # features/steps/search_steps.py:9
    Then the search should handle special characters correctly # None
    And relevant results should be displayed                   # None

  @search @case_insensitive
  Scenario: Search is case-insensitive                # features/search.feature:54
    Given I am on the Faberwork homepage              # features/steps/common_steps.py:28
    When I search for "SOFTWARE"                      # features/steps/search_steps.py:9
    And I search for "software"                       # features/steps/search_steps.py:9
    Then both searches should return the same results # None

  @search @pagination
  Scenario: Search results pagination                 # features/search.feature:60
    Given I am on the Faberwork homepage              # features/steps/common_steps.py:28
    Given I have performed a search with many results # None
    When I view the search results                    # None
    Then results should be paginated                  # None
    And I should be able to navigate to page 2        # None

  @search @clear
  Scenario: Clear search query            # features/search.feature:67
    Given I am on the Faberwork homepage  # features/steps/common_steps.py:28
    Given I have entered a search query   # None
    When I click the clear search button  # None
    Then the search field should be empty # None
    And search results should be cleared  # None

  @search @recent
  Scenario: Recent searches display                  # features/search.feature:74
    Given I am on the Faberwork homepage             # features/steps/common_steps.py:28
    Given I have performed multiple searches         # None
    When I click on the search field                 # None
    Then my recent searches should be displayed      # None
    And I should be able to click on a recent search # None

@regression @services
Feature: Services Page Functionality # features/services_page.feature:2
  As a potential client
  I want to view Faberwork's service offerings
  So that I can understand their capabilities
  Background:   # features/services_page.feature:7

  @services @page_load
  Scenario: Services page loads successfully          # features/services_page.feature:12
    Given I am on the Faberwork homepage              # features/steps/common_steps.py:28
    When I click on the "Services" menu               # features/steps/common_steps.py:67
    Then the Services page should load successfully   # features/steps/navigation_steps.py:140
    And the page title should contain "Services"      # None
    And all service offerings are visible on the page # None

  @services @content
  Scenario: Verify all 8 service offerings are present  # features/services_page.feature:18
    Given I am on the Faberwork homepage                # features/steps/common_steps.py:28
    When I click on the "Services" menu                 # features/steps/common_steps.py:67
    Then I should see the following services            # None
      | Service Name                     |
      | SnowPro® Certified Developers    |
      | Cost Effective AI Implementation |
      | Mobile App Development           |
      | Software Development             |
      | ERP Solutions                    |
      | Database Solutions               |
      | Software Re-engineering          |
      | Test Automation                  |

  @services @sections
  Scenario: Verify key sections are present on Services page                # features/services_page.feature:31
    Given I am on the Faberwork homepage                                    # features/steps/common_steps.py:28
    When I click on the "Services" menu                                     # features/steps/common_steps.py:67
    Then I should see the "Trusted by Leading Technology Companies" section # None
    And I should see the "What Sets Us Apart" section                       # None
    And I should see the "Let's Work Together" section                      # None

  @services @cta
  Scenario: Verify CTA buttons are functional      # features/services_page.feature:37
    Given I am on the Faberwork homepage           # features/steps/common_steps.py:28
    When I click on the "Services" menu            # features/steps/common_steps.py:67
    Then the "START NOW" button should be visible  # features/steps/common_steps.py:232
    And the "Get Started" buttonhould be clickable # features/steps/common_steps.py:232
    And the "Get Started" button should be visible # None

  @services @contact_info
  Scenario: Verify contact information is displayed                # features/services_page.feature:43
    Given I am on the Faberwork homepage                           # features/steps/common_steps.py:28
    When I click on the "Services" menu                            # features/steps/common_steps.py:67
    Then the USA phone number "+1-410-884-9169" should be visible  # features/steps/common_steps.py:232
    And the India phone number "+91-74140-82984" should be visible # features/steps/common_steps.py:232
    And the phone numbers should be clickable                      # None

  @services @consultation_form
  Scenario: Consultation form is accessible on Services page        # features/services_page.feature:49
    Given I am on the Faberwork homepage                            # features/steps/common_steps.py:28
    When I click on the "Services" menu                             # features/steps/common_steps.py:67
    When I scroll to the consultation form                          # features/steps/common_steps.py:115
    Then the consultation form should be visible                    # features/steps/common_steps.py:232
    And the form should have name, company, email, and phone fields # None

  @services @navigation
  Scenario: Navigation menu is present on Services page  # features/services_page.feature:55
    Given I am on the Faberwork homepage                 # features/steps/common_steps.py:28
    When I click on the "Services" menu                  # features/steps/common_steps.py:67
    Then all navigation links should be present          # features/steps/common_steps.py:162
    And the Faberwork logo should be visible             # features/steps/common_steps.py:232

@smoke @critical
Feature: Smoke Tests for Faberwork Website # features/smoke.feature:2
  As a QA engineer
  I want to run smoke tests
  So that I can verify critical functionality is working
  Background:   # features/smoke.feature:7

  @smoke @homepage
  Scenario: Homepage loads successfully        # features/smoke.feature:11
    Given the Faberwork website is accessible  # features/steps/common_steps.py:20
    When I navigate to the homepage            # features/steps/common_steps.py:61
    Then the homepage should load successfully # features/steps/common_steps.py:148
    And the logo should be visible             # features/steps/common_steps.py:155
    And all navigation links should be present # features/steps/common_steps.py:162

  @smoke @navigation
  Scenario: Main navigation menu works        # features/smoke.feature:18
    Given the Faberwork website is accessible # features/steps/common_steps.py:20
    Given I am on the homepage                # features/steps/common_steps.py:28
    When I click on the "Services" menu       # features/steps/common_steps.py:67
    Then I should be on the Services page     # features/steps/navigation_steps.py:161
    And the page should load successfully     # features/steps/common_steps.py:196

  @smoke @form
  Scenario: Consultation form is accessible   # features/smoke.feature:25
    Given the Faberwork website is accessible # features/steps/common_steps.py:20
    Given I am on the homepage                # features/steps/common_steps.py:28
    When I scroll to the consultation form    # features/steps/common_steps.py:115
    Then the consultation form is visible     # features/steps/form_steps.py:378
    And all required form fields are present  # features/steps/form_steps.py:386

  @smoke @contact
  Scenario: Contact page is accessible        # features/smoke.feature:32
    Given the Faberwork website is accessible # features/steps/common_steps.py:20
    Given I am on the homepage                # features/steps/common_steps.py:28
    When I click on the "Contact Us" menu     # features/steps/common_steps.py:67
    Then I should be on the Contact page      # features/steps/navigation_steps.py:169
    And the contact form is visible           # features/steps/form_steps.py:401

@regression @success_stories
Feature: Success Stories Page Functionality # features/success_stories_page.feature:2
  As a potential client
  I want to view Faberwork's success stories and case studies
  So that I can understand their track record and capabilities
  Background:   # features/success_stories_page.feature:7

  @success_stories @page_load
  Scenario: Success Stories page loads successfully         # features/success_stories_page.feature:12
    Given I am on the Faberwork homepage                    # features/steps/common_steps.py:28
    When I click on the "Success Stories" menu              # features/steps/common_steps.py:67
    Then the Success Stories page should load successfully  # None
    And the page title should be "Customer Success Stories" # None

  @success_stories @case_studies
  Scenario: Case study cards are displayed       # features/success_stories_page.feature:17
    Given I am on the Faberwork homepage         # features/steps/common_steps.py:28
    When I click on the "Success Stories" menu   # features/steps/common_steps.py:67
    Then I should see multiple case study cards  # None
    And each card should have a title            # None
    And each card should have a description      # None
    And each card should have a "Read More" link # None

  @success_stories @filter
  Scenario: Filter functionality works for success stories  # features/success_stories_page.feature:24
    Given I am on the Faberwork homepage                    # features/steps/common_steps.py:28
    When I click on the "Success Stories" menu              # features/steps/common_steps.py:67
    Then the filter form should be present                  # features/steps/common_steps.py:240
    When I select a filter option                           # None
    Then the page should filter the results accordingly     # None

  @success_stories @filter_categories
  Scenario: Filter dropdown contains industry and tech stack options        # features/success_stories_page.feature:30
    Given I am on the Faberwork homepage                                    # features/steps/common_steps.py:28
    When I click on the "Success Stories" menu                              # features/steps/common_steps.py:67
    When I click on the filter dropdown                                     # None
    Then I should see industry filter options                               # None
    And I should see technology stack filter options                        # None
    And I should see options like "AI", "Snowflake", "Healthcare", "Energy" # None

  @success_stories @search
  Scenario: Search functionality is available for stories  # features/success_stories_page.feature:37
    Given I am on the Faberwork homepage                   # features/steps/common_steps.py:28
    When I click on the "Success Stories" menu             # features/steps/common_steps.py:67
    When I click on the search button                      # None
    Then the search field should appear                    # None
    And I can search for specific case studies             # None
    And search results should be displayed dynamically     # None

  @success_stories @read_more
  Scenario: Read More links work on case study cards                  # features/success_stories_page.feature:44
    Given I am on the Faberwork homepage                              # features/steps/common_steps.py:28
    When I click on the "Success Stories" menu                        # features/steps/common_steps.py:67
    When I click on a "Read More" link on a case study card           # None
    Then I should be taken to the full case study or expanded content # None

  @success_stories @chatbot
  Scenario: Chatbot is accessible on Success Stories page  # features/success_stories_page.feature:49
    Given I am on the Faberwork homepage                   # features/steps/common_steps.py:28
    When I click on the "Success Stories" menu             # features/steps/common_steps.py:67
    When I click on the chatbot button                     # None
    Then the chatbot dialog should open                    # None
    And I should see the chat input field                  # None
    And I should be able to send a message                 # None

  @success_stories @navigation
  Scenario: Navigation works properly on Success Stories page  # features/success_stories_page.feature:56
    Given I am on the Faberwork homepage                       # features/steps/common_steps.py:28
    When I click on the "Success Stories" menu                 # features/steps/common_steps.py:67
    Then all navigation links should be present                # features/steps/common_steps.py:162
    And clicking any navigation link should work correctly     # None

